<?xml version="1.0" encoding="UTF-8"?>
<testsuite xmlns:xsi="http://www.w3.org/2001/XMLSchema-instance" xsi:noNamespaceSchemaLocation="https://maven.apache.org/surefire/maven-surefire-plugin/xsd/surefire-test-report-3.0.xsd" version="3.0" name="com.project.walkingrobot.RobotTest" time="0.069" tests="22" errors="0" skipped="0" failures="0">
  <properties>
[...]
</properties>
  <testcase name="testTurnLeftFromNorth" classname="com.project.walkingrobot.RobotTest" time="0.008"/>
  <testcase name="testTurnLeftFromSouth" classname="com.project.walkingrobot.RobotTest" time="0.001"/>
  <testcase name="testTurnRightFromNorth" classname="com.project.walkingrobot.RobotTest" time="0.002"/>
  <testcase name="testTurnRightFromSouth" classname="com.project.walkingrobot.RobotTest" time="0.001"/>
  <testcase name="testInitialPosition" classname="com.project.walkingrobot.RobotTest" time="0.005"/>
  <testcase name="testMoveEastWithPenUp" classname="com.project.walkingrobot.RobotTest" time="0.001"/>
  <testcase name="testPrintPosition" classname="com.project.walkingrobot.RobotTest" time="0.002"/>
  <testcase name="testMovePenDown" classname="com.project.walkingrobot.RobotTest" time="0.002"/>
  <testcase name="testMoveNorthWithPenUp" classname="com.project.walkingrobot.RobotTest" time="0.001"/>
  <testcase name="testMoveNorthWithPenDown" classname="com.project.walkingrobot.RobotTest" time="0.003"/>
  <testcase name="testTurnRightFromEast" classname="com.project.walkingrobot.RobotTest" time="0.001"/>
  <testcase name="testTurnRightFromWest" classname="com.project.walkingrobot.RobotTest" time="0.001"/>
  <testcase name="testMoveSouthWithPenDown" classname="com.project.walkingrobot.RobotTest" time="0.001"/>
  <testcase name="testMoveSouthWithPenUp" classname="com.project.walkingrobot.RobotTest" time="0.002"/>
  <testcase name="testMoveWestWithPenDown" classname="com.project.walkingrobot.RobotTest" time="0.002"/>
  <testcase name="testTerminationWithCommandQ" classname="com.project.walkingrobot.RobotTest" time="0.002"/>
  <testcase name="testTracePath" classname="com.project.walkingrobot.RobotTest" time="0.002"/>
  <testcase name="testTurnLeftFromEast" classname="com.project.walkingrobot.RobotTest" time="0.001"/>
  <testcase name="testTurnLeftFromWest" classname="com.project.walkingrobot.RobotTest" time="0.001"/>
  <testcase name="testMovePenUp" classname="com.project.walkingrobot.RobotTest" time="0.001"/>
  <testcase name="testMoveEastWithPenDown" classname="com.project.walkingrobot.RobotTest" time="0.001"/>
  <testcase name="testMoveWestWithPenUp" classname="com.project.walkingrobot.RobotTest" time="0.001"/>
</testsuite>